2026-03-06 21:13:35,058  INFO  Loaded rating.csv              rows=20000263  cols=4  (34.7s)
2026-03-06 21:13:35,107  INFO  Loaded movie.csv               rows=27278  cols=3  (0.0s)
2026-03-06 21:13:35,421  INFO  Loaded tag.csv                 rows=465564  cols=4  (0.3s)
2026-03-06 21:13:35,464  INFO  Loaded link.csv                rows=27278  cols=3  (0.0s)
2026-03-06 21:13:37,269  INFO  Loaded genome_scores.csv       rows=11709768  cols=3  (1.8s)
2026-03-06 21:13:37,301  INFO  Loaded genome_tags.csv         rows=1128  cols=2  (0.0s)
2026-03-06 21:14:14,776  INFO  Loaded rating.csv              rows=20000263  cols=4  (37.5s)
2026-03-06 21:14:14,836  INFO  Loaded movie.csv               rows=27278  cols=3  (0.0s)
2026-03-06 21:14:15,287  INFO  Loaded tag.csv                 rows=465564  cols=4  (0.4s)
2026-03-06 21:14:15,313  INFO  Loaded link.csv                rows=27278  cols=3  (0.0s)
2026-03-06 21:14:17,511  INFO  Loaded genome_scores.csv       rows=11709768  cols=3  (2.2s)
2026-03-06 21:14:17,525  INFO  Loaded genome_tags.csv         rows=1128  cols=2  (0.0s)
2026-03-06 21:15:54,215  INFO  Using categorical units to plot a list of strings that are all parsable as floats or dates. If these strings should be plotted as numbers, cast to the appropriate data type before plotting.
2026-03-06 21:15:54,216  INFO  Using categorical units to plot a list of strings that are all parsable as floats or dates. If these strings should be plotted as numbers, cast to the appropriate data type before plotting.
2026-03-06 21:15:56,332  INFO  EDA plot saved.
2026-03-06 21:16:19,055  INFO  Starting data cleaning...
2026-03-06 21:16:24,811  INFO  Ratings: dropped 0 duplicates
2026-03-06 21:16:32,001  INFO  Ratings outside [0.5, 5.0]: 0 — removing
2026-03-06 21:16:32,807  INFO  Ratings after basic cleaning: 20000263 rows
2026-03-06 21:16:50,220  INFO  Iteration 1: 19964833 rows | 138493 users | 15451 movies
2026-03-06 21:16:51,414  INFO  Iteration 2: 19964039 rows | 138450 users | 15451 movies
2026-03-06 21:16:52,550  INFO  Iteration 3: 19963994 rows | 138450 users | 15446 movies
2026-03-06 21:16:53,231  INFO  Iteration 4: 19963994 rows | 138450 users | 15446 movies
2026-03-06 21:18:01,707  INFO  Building user features...
2026-03-06 21:18:02,873  INFO  User features shape: (138450, 10)
2026-03-06 21:18:04,969  INFO  Building movie features...
2026-03-06 21:18:08,213  INFO  Movie features shape: (15446, 11)
2026-03-06 21:18:11,576  INFO  Building tag-based content features...
2026-03-06 21:18:11,991  INFO  Merging genome relevance scores...
2026-03-06 21:18:15,685  INFO  Genome tags merged.
2026-03-06 21:18:15,686  INFO  Movie tags shape: (13731, 3)
2026-03-06 21:18:28,491  INFO  Building master content document...
2026-03-06 21:18:38,576  INFO  Content docs built. Sample:
0    adventure animation children comedy fantasy adventure animation children com...
1    adventure children fantasy adventure children fantasy adventure children fan...
2026-03-06 21:18:49,123  INFO  Creating ID encoders...
2026-03-06 21:18:50,142  INFO  N_USERS=138450  N_MOVIES=15446
2026-03-06 21:18:52,855  INFO  Creating temporal train/val/test splits...
2026-03-06 21:20:31,959  INFO  Train: 16087404  |  Val: 1938295  |  Test: 1938295
2026-03-06 21:20:31,970  INFO  Saving all processed data...
2026-03-06 21:23:09,869  INFO  Saving all processed data...
2026-03-06 22:09:46,778  INFO  Loaded rating.csv              rows=20000263  cols=4  (51.4s)
2026-03-06 22:09:46,838  INFO  Loaded movie.csv               rows=27278  cols=3  (0.0s)
2026-03-06 22:09:47,403  INFO  Loaded tag.csv                 rows=465564  cols=4  (0.5s)
2026-03-06 22:09:47,534  INFO  Loaded link.csv                rows=27278  cols=3  (0.0s)
2026-03-06 22:09:50,237  INFO  Loaded genome_scores.csv       rows=11709768  cols=3  (2.7s)
2026-03-06 22:09:50,256  INFO  Loaded genome_tags.csv         rows=1128  cols=2  (0.0s)
2026-03-06 22:09:51,158  INFO  Using categorical units to plot a list of strings that are all parsable as floats or dates. If these strings should be plotted as numbers, cast to the appropriate data type before plotting.
2026-03-06 22:09:51,161  INFO  Using categorical units to plot a list of strings that are all parsable as floats or dates. If these strings should be plotted as numbers, cast to the appropriate data type before plotting.
2026-03-06 22:09:53,931  INFO  EDA plot saved.
2026-03-06 22:09:54,177  INFO  Starting data cleaning...
2026-03-06 22:10:01,620  INFO  Ratings: dropped 0 duplicates
2026-03-06 22:10:11,781  INFO  Ratings outside [0.5, 5.0]: 0 — removing
2026-03-06 22:10:12,896  INFO  Ratings after basic cleaning: 20000263 rows
2026-03-06 22:10:14,853  INFO  Iteration 1: 19964833 rows | 138493 users | 15451 movies
2026-03-06 22:10:16,658  INFO  Iteration 2: 19964039 rows | 138450 users | 15451 movies
2026-03-06 22:10:18,373  INFO  Iteration 3: 19963994 rows | 138450 users | 15446 movies
2026-03-06 22:10:19,557  INFO  Iteration 4: 19963994 rows | 138450 users | 15446 movies
2026-03-06 22:10:21,296  INFO  Building user features...
2026-03-06 22:10:22,878  INFO  User features shape: (138450, 10)
2026-03-06 22:10:22,972  INFO  Building movie features...
2026-03-06 22:10:27,151  INFO  Movie features shape: (15446, 11)
2026-03-06 22:10:27,173  INFO  Building tag-based content features...
2026-03-06 22:10:27,768  INFO  Merging genome relevance scores...
2026-03-06 22:10:35,844  INFO  Genome tags merged.
2026-03-06 22:10:35,845  INFO  Movie tags shape: (13731, 3)
2026-03-06 22:10:35,863  INFO  Building master content document...
2026-03-06 22:10:54,784  INFO  Content docs built. Sample:
0    adventure animation children comedy fantasy adventure animation children com...
1    adventure children fantasy adventure children fantasy adventure children fan...
2026-03-06 22:10:54,806  INFO  Creating ID encoders...
2026-03-06 22:10:56,352  INFO  N_USERS=138450  N_MOVIES=15446
2026-03-06 22:10:56,376  INFO  Creating temporal train/val/test splits...
2026-03-06 22:13:00,162  INFO  Train: 16087404  |  Val: 1938295  |  Test: 1938295
2026-03-06 22:13:00,183  INFO  Saving all processed data...
